  EventMgr.cpp
d:\xprogramgit\2019vulkanxprj\source\core\vkinstance.hpp(100): warning C4099: “x_NS::c_vk::c_vk_xdesc::glfw_xdesc”: 类型名称以前使用“struct”现在使用的是“class”
  d:\xprogramgit\2019vulkanxprj\source\core\vkinstance.hpp(50): note: 参见“x_NS::c_vk::c_vk_xdesc::glfw_xdesc”的声明
d:\xprogramgit\2019vulkanxprj\source\core\vkinstance.hpp(108): warning C4099: “x_NS::c_vk::c_vk_xdesc::vkInstance_xdesc”: 类型名称以前使用“struct”现在使用的是“class”
  d:\xprogramgit\2019vulkanxprj\source\core\vkinstance.hpp(57): note: 参见“x_NS::c_vk::c_vk_xdesc::vkInstance_xdesc”的声明
  GraphicsPipeline.cpp
  Link.cpp
  Presentation.cpp
  Rendering.cpp
d:\xprogramgit\2019vulkanxprj\source\core\rendering.cpp(111): warning C4267: “参数”: 从“size_t”转换到“uint32_t”，可能丢失数据
  VkInstance.cpp
d:\xprogramgit\2019vulkanxprj\source\core\vkinstance.hpp(100): warning C4099: “x_NS::c_vk::c_vk_xdesc::glfw_xdesc”: 类型名称以前使用“struct”现在使用的是“class”
  d:\xprogramgit\2019vulkanxprj\source\core\vkinstance.hpp(50): note: 参见“x_NS::c_vk::c_vk_xdesc::glfw_xdesc”的声明
d:\xprogramgit\2019vulkanxprj\source\core\vkinstance.hpp(108): warning C4099: “x_NS::c_vk::c_vk_xdesc::vkInstance_xdesc”: 类型名称以前使用“struct”现在使用的是“class”
  d:\xprogramgit\2019vulkanxprj\source\core\vkinstance.hpp(57): note: 参见“x_NS::c_vk::c_vk_xdesc::vkInstance_xdesc”的声明
d:\xprogramgit\2019vulkanxprj\source\core\vkinstance.cpp(108): warning C4099: “x_NS::c_vk::c_vk_xdesc::glfw_xdesc”: 类型名称以前使用“struct”现在使用的是“class”
  d:\xprogramgit\2019vulkanxprj\source\core\vkinstance.hpp(50): note: 参见“x_NS::c_vk::c_vk_xdesc::glfw_xdesc”的声明
d:\xprogramgit\2019vulkanxprj\source\core\vkinstance.cpp(128): warning C4099: “x_NS::c_vk::c_vk_xdesc::vkInstance_xdesc”: 类型名称以前使用“struct”现在使用的是“class”
  d:\xprogramgit\2019vulkanxprj\source\core\vkinstance.hpp(57): note: 参见“x_NS::c_vk::c_vk_xdesc::vkInstance_xdesc”的声明
  Data.cpp
d:\xprogramgit\2019vulkanxprj\source\core\data\data.cpp(86): warning C4267: “初始化”: 从“size_t”转换到“t_U32”，可能丢失数据
  正在生成代码...
  _prj_00_core.vcxproj -> D:\xProgramGit\2019VulkanXPrj\_lib_internal\xcore.lib
